# Journal des alertes - Créé le 2025-03-28 15:23:26

[2025-03-28 15:23:26] Système d'alertes démarré
[2025-03-28 15:23:26] Erreur lors de la lecture des données de cpu: unable to open database file
[2025-03-28 15:23:26] Erreur lors de la lecture des données de ram: unable to open database file
[2025-03-28 15:23:26] Erreur lors de la lecture des données de disk: unable to open database file
[2025-03-28 15:23:46] Arrêt du système d'alertes
[2025-03-28 15:23:47] Système d'alertes démarré
[2025-03-28 15:23:47] Sonde cpu: 15.7% (normal)
[2025-03-28 15:23:57] Erreur lors de l'envoi de l'alerte ram: name 'mail_object' is not defined
[2025-03-28 15:29:27] Arrêt du système d'alertes
[2025-03-28 15:30:12] Système d'alertes démarré
[2025-03-28 15:30:12] Sonde cpu: 15.7% (normal)
[2025-03-28 15:30:14] Erreur lors de l'envoi de l'alerte ram: module 'mail' has no attribute 'mail_module'
[2025-03-28 15:30:14] Erreur lors de l'envoi de l'alerte disk: module 'mail' has no attribute 'mail_module'
[2025-03-28 15:30:40] Arrêt du système d'alertes
[2025-03-28 15:31:45] Système d'alertes démarré
[2025-03-28 15:31:45] Sonde cpu: 15.7% (normal)
[2025-03-28 15:31:45] Erreur lors de l'envoi de l'alerte ram: module 'mail' has no attribute 'mail_module'
[2025-03-28 15:31:45] Erreur lors de l'envoi de l'alerte disk: module 'mail' has no attribute 'mail_module'
[2025-03-28 15:35:06] Arrêt du système d'alertes
[2025-03-28 15:35:10] Système d'alertes démarré
[2025-03-28 15:35:10] Sonde cpu: 15.7% (normal)
[2025-03-28 15:35:10] Erreur lors de l'envoi de l'alerte ram: cannot import name 'Config' from 'config' (/Users/alexi/Desktop/amserveur/mail/config.py)
[2025-03-28 15:35:10] Erreur lors de l'envoi de l'alerte disk: cannot import name 'Config' from 'config' (/Users/alexi/Desktop/amserveur/mail/config.py)
[2025-03-28 15:35:29] Arrêt du système d'alertes
[2025-03-28 15:36:21] Système d'alertes démarré
[2025-03-28 15:36:24] Sonde cpu: 15.7% (normal)
[2025-03-28 15:36:27] Erreur lors de l'envoi de l'alerte ram: module 'mail' has no attribute 'mail_module'
[2025-03-28 15:36:27] Erreur lors de l'envoi de l'alerte disk: module 'mail' has no attribute 'mail_module'
[2025-03-28 15:40:55] Arrêt du système d'alertes
[2025-03-28 15:44:42] Système d'alertes démarré
[2025-03-28 15:44:45] Sonde cpu: 15.7% (normal)
[2025-03-28 15:44:50] Erreur lors de l'envoi de l'alerte ram: name 'sender_email' is not defined
[2025-03-28 15:44:50] Erreur lors de l'envoi de l'alerte disk: name 'sender_email' is not defined
[2025-03-28 15:47:13] Arrêt du système d'alertes
[2025-03-28 15:47:17] Système d'alertes démarré
[2025-03-28 15:47:18] Sonde cpu: 15.7% (normal)
[2025-03-28 15:47:22] Erreur lors de l'envoi de l'alerte ram: cannot access local variable 'sender_email' where it is not associated with a value
[2025-03-28 15:47:24] Erreur lors de l'envoi de l'alerte disk: cannot access local variable 'sender_email' where it is not associated with a value
[2025-03-28 15:50:13] Arrêt du système d'alertes
[2025-03-28 15:51:06] Système d'alertes démarré
[2025-03-28 15:51:07] Sonde cpu: 15.7% (normal)
[2025-03-28 15:51:09] Envoi d'alerte par email avec objet: ALERTE - Mémoire RAM critique: 83.2%
[2025-03-28 15:51:09] Alerte ram envoyée: 83.2% > 80%
[2025-03-28 15:51:10] Envoi d'alerte par email avec objet: ALERTE - Espace disque critique: 97.0%
[2025-03-28 15:51:10] Alerte disk envoyée: 97.0% > 85%
[2025-03-28 15:51:24] Arrêt du système d'alertes
